The target system is: Generic -  - arm
The host system is: Linux - 5.8.0-63-generic - x86_64
Checking whether the ASM compiler is GNU using "--version" matched "(GNU assembler)|(GCC)|(Free Software Foundation)":
arm-none-eabi-gcc (GNU Arm Embedded Toolchain 9-2020-q2-update) 9.3.1 20200408 (release)
Copyright (C) 2019 Free Software Foundation, Inc.
This is free software; see the source for copying conditions.  There is NO
warranty; not even for MERCHANTABILITY or FITNESS FOR A PARTICULAR PURPOSE.

Compiling the C compiler identification source file "CMakeCCompilerId.c" succeeded.
Compiler: /home/oosman/repos/nextgen/local_sources/rpmsg_lite_str_echo_rtos/../../build_wayland/tmp/work/imx8mm_var_dart-fslc-linux/freertos-variscite/2.9.x-r0/gcc-arm-none-eabi-9-2020-q2-update//bin/arm-none-eabi-gcc 
Build flags: 
Id flags: -c 

The output was:
0


Compilation of the C compiler identification source "CMakeCCompilerId.c" produced "CMakeCCompilerId.o"

The C compiler identification is GNU, found in "/home/oosman/nextgen/local_sources/rpmsg_lite_str_echo_rtos/armgcc/build/CMakeFiles/3.16.3/CompilerIdC/CMakeCCompilerId.o"

Compiling the CXX compiler identification source file "CMakeCXXCompilerId.cpp" succeeded.
Compiler: /home/oosman/repos/nextgen/local_sources/rpmsg_lite_str_echo_rtos/../../build_wayland/tmp/work/imx8mm_var_dart-fslc-linux/freertos-variscite/2.9.x-r0/gcc-arm-none-eabi-9-2020-q2-update//bin/arm-none-eabi-g++ 
Build flags: 
Id flags: -c 

The output was:
0


Compilation of the CXX compiler identification source "CMakeCXXCompilerId.cpp" produced "CMakeCXXCompilerId.o"

The CXX compiler identification is GNU, found in "/home/oosman/nextgen/local_sources/rpmsg_lite_str_echo_rtos/armgcc/build/CMakeFiles/3.16.3/CompilerIdCXX/CMakeCXXCompilerId.o"

